<?xml version="1.0" encoding="UTF-8"?>
<testsuite xmlns:xsi="http://www.w3.org/2001/XMLSchema-instance" xsi:noNamespaceSchemaLocation="https://maven.apache.org/surefire/maven-surefire-plugin/xsd/surefire-test-report.xsd" version="3.0.2" name="DeliveryCalculationTest" time="0.554" tests="19" errors="0" skipped="0" failures="0">
  <properties>
[...]
</properties>
  <testcase name="deliveryLoadFactorSelectorTest(String, double)[1]" classname="DeliveryCalculationTest" time="0.065">
    <system-err><![CDATA[SLF4J(W): No SLF4J providers were found.
SLF4J(W): Defaulting to no-operation (NOP) logger implementation
SLF4J(W): See https://www.slf4j.org/codes.html#noProviders for further details.
]]></system-err>
  </testcase>
  <testcase name="deliveryLoadFactorSelectorTest(String, double)[2]" classname="DeliveryCalculationTest" time="0.002"/>
  <testcase name="deliveryLoadFactorSelectorTest(String, double)[3]" classname="DeliveryCalculationTest" time="0.002"/>
  <testcase name="deliveryLoadFactorSelectorTest(String, double)[4]" classname="DeliveryCalculationTest" time="0.001"/>
  <testcase name="costCalculatorThrowsExceptionFragileCargoDistanceMoreover30Test" classname="DeliveryCalculationTest" time="0.006"/>
  <testcase name="cargoFragileCostSelectorTest(String, int)[1]" classname="DeliveryCalculationTest" time="0.005"/>
  <testcase name="cargoFragileCostSelectorTest(String, int)[2]" classname="DeliveryCalculationTest" time="0.001"/>
  <testcase name="costCalculatorTest(double, String, String, String, int)[1]" classname="DeliveryCalculationTest" time="0.009"/>
  <testcase name="costCalculatorTest(double, String, String, String, int)[2]" classname="DeliveryCalculationTest" time="0.002"/>
  <testcase name="costCalculatorTest(double, String, String, String, int)[3]" classname="DeliveryCalculationTest" time="0.001"/>
  <testcase name="costCalculatorTest(double, String, String, String, int)[4]" classname="DeliveryCalculationTest" time="0.002"/>
  <testcase name="costCalculatorTest(double, String, String, String, int)[5]" classname="DeliveryCalculationTest" time="0.001"/>
  <testcase name="costCalculatorThrowsExceptionWrongDistanceTest" classname="DeliveryCalculationTest" time="0.002"/>
  <testcase name="distanceCostSelectorTest(double, int)[1]" classname="DeliveryCalculationTest" time="0.004"/>
  <testcase name="distanceCostSelectorTest(double, int)[2]" classname="DeliveryCalculationTest" time="0.001"/>
  <testcase name="distanceCostSelectorTest(double, int)[3]" classname="DeliveryCalculationTest" time="0.001"/>
  <testcase name="distanceCostSelectorTest(double, int)[4]" classname="DeliveryCalculationTest" time="0.001"/>
  <testcase name="cargoSizeCostSelectorTest(String, int)[1]" classname="DeliveryCalculationTest" time="0.001"/>
  <testcase name="cargoSizeCostSelectorTest(String, int)[2]" classname="DeliveryCalculationTest" time="0.001"/>
</testsuite>